<?xml version="1.0" encoding="UTF-8"?>
<testng-results skipped="0" failed="0" total="1" passed="1">
  <reporter-output>
  </reporter-output>
  <suite name="Default suite" duration-ms="11896" started-at="2020-05-08T03:37:34Z" finished-at="2020-05-08T03:37:46Z">
    <groups>
    </groups>
    <test name="Default test" duration-ms="11896" started-at="2020-05-08T03:37:34Z" finished-at="2020-05-08T03:37:46Z">
      <class name="testcase.FindMedicinalTest">
        <test-method status="PASS" signature="startUp()[pri:0, instance:testcase.FindMedicinalTest@3834d63f]" name="startUp" is-config="true" duration-ms="9761" started-at="2020-05-08T11:37:34Z" finished-at="2020-05-08T11:37:44Z">
          <reporter-output>
          </reporter-output>
        </test-method> <!-- startUp -->
        <test-method status="PASS" signature="start()[pri:0, instance:testcase.FindMedicinalTest@3834d63f]" name="start" is-config="true" duration-ms="6" started-at="2020-05-08T11:37:44Z" finished-at="2020-05-08T11:37:44Z">
          <reporter-output>
          </reporter-output>
        </test-method> <!-- start -->
        <test-method status="PASS" signature="back()[pri:16, instance:testcase.FindMedicinalTest@3834d63f]" name="back" duration-ms="2118" started-at="2020-05-08T11:37:44Z" finished-at="2020-05-08T11:37:46Z">
          <reporter-output>
          </reporter-output>
        </test-method> <!-- back -->
      </class> <!-- testcase.FindMedicinalTest -->
    </test> <!-- Default test -->
  </suite> <!-- Default suite -->
</testng-results>
