<?xml version="1.0" encoding="UTF-8"?>
<testng-results skipped="0" failed="0" total="26" passed="26">
  <reporter-output>
  </reporter-output>
  <suite name="Default suite" duration-ms="271743" started-at="2020-05-06T03:29:58Z" finished-at="2020-05-06T03:34:30Z">
    <groups>
    </groups>
    <test name="Default test" duration-ms="271743" started-at="2020-05-06T03:29:58Z" finished-at="2020-05-06T03:34:30Z">
      <class name="wangxinping.testcase.UserInfoTest">
        <test-method status="PASS" signature="globalSetup()[pri:0, instance:wangxinping.testcase.UserInfoTest@591f989e]" name="globalSetup" is-config="true" duration-ms="27180" started-at="2020-05-06T11:29:31Z" finished-at="2020-05-06T11:29:58Z">
          <reporter-output>
          </reporter-output>
        </test-method> <!-- globalSetup -->
        <test-method status="PASS" signature="loginsucess()[pri:1, instance:wangxinping.testcase.UserInfoTest@591f989e]" name="loginsucess" duration-ms="7836" started-at="2020-05-06T11:29:58Z" finished-at="2020-05-06T11:30:06Z">
          <reporter-output>
          </reporter-output>
        </test-method> <!-- loginsucess -->
        <test-method status="PASS" signature="test_edit_user_name_success(java.lang.String, java.lang.String)[pri:5, instance:wangxinping.testcase.UserInfoTest@591f989e]" name="test_edit_user_name_success" duration-ms="12081" started-at="2020-05-06T11:30:08Z" description="修改昵称——成功" data-provider="nickname01" finished-at="2020-05-06T11:30:20Z">
          <params>
            <param index="0">
              <value>
                <![CDATA[Charttor1123]]>
              </value>
            </param>
            <param index="1">
              <value>
                <![CDATA[用户信息已更新]]>
              </value>
            </param>
          </params>
          <reporter-output>
          </reporter-output>
        </test-method> <!-- test_edit_user_name_success -->
        <test-method status="PASS" signature="test_edit_user_name_success(java.lang.String, java.lang.String)[pri:5, instance:wangxinping.testcase.UserInfoTest@591f989e]" name="test_edit_user_name_success" duration-ms="11420" started-at="2020-05-06T11:30:20Z" description="修改昵称——成功" data-provider="nickname01" finished-at="2020-05-06T11:30:32Z">
          <params>
            <param index="0">
              <value>
                <![CDATA[小柒Daisy]]>
              </value>
            </param>
            <param index="1">
              <value>
                <![CDATA[用户信息已更新]]>
              </value>
            </param>
          </params>
          <reporter-output>
          </reporter-output>
        </test-method> <!-- test_edit_user_name_success -->
        <test-method status="PASS" signature="test_edit_user_name_success(java.lang.String, java.lang.String)[pri:5, instance:wangxinping.testcase.UserInfoTest@591f989e]" name="test_edit_user_name_success" duration-ms="11198" started-at="2020-05-06T11:30:32Z" description="修改昵称——成功" data-provider="nickname01" finished-at="2020-05-06T11:30:43Z">
          <params>
            <param index="0">
              <value>
                <![CDATA[小柒9908]]>
              </value>
            </param>
            <param index="1">
              <value>
                <![CDATA[用户信息已更新]]>
              </value>
            </param>
          </params>
          <reporter-output>
          </reporter-output>
        </test-method> <!-- test_edit_user_name_success -->
        <test-method status="PASS" signature="test_edit_user_name_success(java.lang.String, java.lang.String)[pri:5, instance:wangxinping.testcase.UserInfoTest@591f989e]" name="test_edit_user_name_success" duration-ms="11866" started-at="2020-05-06T11:30:43Z" description="修改昵称——成功" data-provider="nickname01" finished-at="2020-05-06T11:30:55Z">
          <params>
            <param index="0">
              <value>
                <![CDATA[‘123456]]>
              </value>
            </param>
            <param index="1">
              <value>
                <![CDATA[用户信息已更新]]>
              </value>
            </param>
          </params>
          <reporter-output>
          </reporter-output>
        </test-method> <!-- test_edit_user_name_success -->
        <test-method status="PASS" signature="test_edit_user_name_success(java.lang.String, java.lang.String)[pri:5, instance:wangxinping.testcase.UserInfoTest@591f989e]" name="test_edit_user_name_success" duration-ms="11861" started-at="2020-05-06T11:30:55Z" description="修改昵称——成功" data-provider="nickname01" finished-at="2020-05-06T11:31:07Z">
          <params>
            <param index="0">
              <value>
                <![CDATA[小柒]]>
              </value>
            </param>
            <param index="1">
              <value>
                <![CDATA[用户信息已更新]]>
              </value>
            </param>
          </params>
          <reporter-output>
          </reporter-output>
        </test-method> <!-- test_edit_user_name_success -->
        <test-method status="PASS" signature="test_edit_user_name_fail(java.lang.String, java.lang.String)[pri:8, instance:wangxinping.testcase.UserInfoTest@591f989e]" name="test_edit_user_name_fail" duration-ms="10992" started-at="2020-05-06T11:31:07Z" description="修改昵称——失败" data-provider="nickname02" finished-at="2020-05-06T11:31:18Z">
          <params>
            <param index="0">
              <value>
                <![CDATA[aaaabbbbbbcccccddddeeefffffffffffffffffff]]>
              </value>
            </param>
            <param index="1">
              <value>
                <![CDATA[超出最大长度]]>
              </value>
            </param>
          </params>
          <reporter-output>
          </reporter-output>
        </test-method> <!-- test_edit_user_name_fail -->
        <test-method status="PASS" signature="test_edit_user_name_fail(java.lang.String, java.lang.String)[pri:8, instance:wangxinping.testcase.UserInfoTest@591f989e]" name="test_edit_user_name_fail" duration-ms="8961" started-at="2020-05-06T11:31:18Z" description="修改昵称——失败" data-provider="nickname02" finished-at="2020-05-06T11:31:27Z">
          <params>
            <param index="0">
              <value>
                <![CDATA[$%#*&^]]>
              </value>
            </param>
            <param index="1">
              <value>
                <![CDATA[修改失败]]>
              </value>
            </param>
          </params>
          <reporter-output>
          </reporter-output>
        </test-method> <!-- test_edit_user_name_fail -->
        <test-method status="PASS" signature="test_edit_user_PID(java.lang.String, java.lang.String)[pri:10, instance:wangxinping.testcase.UserInfoTest@591f989e]" name="test_edit_user_PID" duration-ms="10990" started-at="2020-05-06T11:31:27Z" description="修改身份证信息" data-provider="pid" finished-at="2020-05-06T11:31:38Z">
          <params>
            <param index="0">
              <value>
                <![CDATA[130221199909224020]]>
              </value>
            </param>
            <param index="1">
              <value>
                <![CDATA[用户信息已更新]]>
              </value>
            </param>
          </params>
          <reporter-output>
          </reporter-output>
        </test-method> <!-- test_edit_user_PID -->
        <test-method status="PASS" signature="test_edit_user_PID(java.lang.String, java.lang.String)[pri:10, instance:wangxinping.testcase.UserInfoTest@591f989e]" name="test_edit_user_PID" duration-ms="10794" started-at="2020-05-06T11:31:38Z" description="修改身份证信息" data-provider="pid" finished-at="2020-05-06T11:31:49Z">
          <params>
            <param index="0">
              <value>
                <![CDATA[130125019999999000]]>
              </value>
            </param>
            <param index="1">
              <value>
                <![CDATA[修改失败]]>
              </value>
            </param>
          </params>
          <reporter-output>
          </reporter-output>
        </test-method> <!-- test_edit_user_PID -->
        <test-method status="PASS" signature="test_edit_user_PID(java.lang.String, java.lang.String)[pri:10, instance:wangxinping.testcase.UserInfoTest@591f989e]" name="test_edit_user_PID" duration-ms="11490" started-at="2020-05-06T11:31:49Z" description="修改身份证信息" data-provider="pid" finished-at="2020-05-06T11:32:00Z">
          <params>
            <param index="0">
              <value>
                <![CDATA[1302211999092240]]>
              </value>
            </param>
            <param index="1">
              <value>
                <![CDATA[修改失败]]>
              </value>
            </param>
          </params>
          <reporter-output>
          </reporter-output>
        </test-method> <!-- test_edit_user_PID -->
        <test-method status="PASS" signature="test_edit_user_PID(java.lang.String, java.lang.String)[pri:10, instance:wangxinping.testcase.UserInfoTest@591f989e]" name="test_edit_user_PID" duration-ms="10660" started-at="2020-05-06T11:32:00Z" description="修改身份证信息" data-provider="pid" finished-at="2020-05-06T11:32:11Z">
          <params>
            <param index="0">
              <value>
                <![CDATA[13022119990922402011]]>
              </value>
            </param>
            <param index="1">
              <value>
                <![CDATA[修改失败]]>
              </value>
            </param>
          </params>
          <reporter-output>
          </reporter-output>
        </test-method> <!-- test_edit_user_PID -->
        <test-method status="PASS" signature="test_edit_user_PID(java.lang.String, java.lang.String)[pri:10, instance:wangxinping.testcase.UserInfoTest@591f989e]" name="test_edit_user_PID" duration-ms="11210" started-at="2020-05-06T11:32:11Z" description="修改身份证信息" data-provider="pid" finished-at="2020-05-06T11:32:22Z">
          <params>
            <param index="0">
              <value>
                <![CDATA[$#1302211999092220]]>
              </value>
            </param>
            <param index="1">
              <value>
                <![CDATA[修改失败]]>
              </value>
            </param>
          </params>
          <reporter-output>
          </reporter-output>
        </test-method> <!-- test_edit_user_PID -->
        <test-method status="PASS" signature="test_edit_user_PID(java.lang.String, java.lang.String)[pri:10, instance:wangxinping.testcase.UserInfoTest@591f989e]" name="test_edit_user_PID" duration-ms="11236" started-at="2020-05-06T11:32:22Z" description="修改身份证信息" data-provider="pid" finished-at="2020-05-06T11:32:33Z">
          <params>
            <param index="0">
              <value>
                <![CDATA[abc13022119922402011]]>
              </value>
            </param>
            <param index="1">
              <value>
                <![CDATA[修改失败]]>
              </value>
            </param>
          </params>
          <reporter-output>
          </reporter-output>
        </test-method> <!-- test_edit_user_PID -->
        <test-method status="PASS" signature="test_edit_user_password(java.lang.String, java.lang.String)[pri:12, instance:wangxinping.testcase.UserInfoTest@591f989e]" name="test_edit_user_password" duration-ms="11078" started-at="2020-05-06T11:32:33Z" description="修改密码" data-provider="password" finished-at="2020-05-06T11:32:44Z">
          <params>
            <param index="0">
              <value>
                <![CDATA[abc]]>
              </value>
            </param>
            <param index="1">
              <value>
                <![CDATA[修改失败]]>
              </value>
            </param>
          </params>
          <reporter-output>
          </reporter-output>
        </test-method> <!-- test_edit_user_password -->
        <test-method status="PASS" signature="test_edit_user_password(java.lang.String, java.lang.String)[pri:12, instance:wangxinping.testcase.UserInfoTest@591f989e]" name="test_edit_user_password" duration-ms="11362" started-at="2020-05-06T11:32:44Z" description="修改密码" data-provider="password" finished-at="2020-05-06T11:32:56Z">
          <params>
            <param index="0">
              <value>
                <![CDATA[abcde123]]>
              </value>
            </param>
            <param index="1">
              <value>
                <![CDATA[用户信息已更新]]>
              </value>
            </param>
          </params>
          <reporter-output>
          </reporter-output>
        </test-method> <!-- test_edit_user_password -->
        <test-method status="PASS" signature="test_edit_user_password(java.lang.String, java.lang.String)[pri:12, instance:wangxinping.testcase.UserInfoTest@591f989e]" name="test_edit_user_password" duration-ms="11127" started-at="2020-05-06T11:32:56Z" description="修改密码" data-provider="password" finished-at="2020-05-06T11:33:07Z">
          <params>
            <param index="0">
              <value>
                <![CDATA[123456]]>
              </value>
            </param>
            <param index="1">
              <value>
                <![CDATA[修改失败]]>
              </value>
            </param>
          </params>
          <reporter-output>
          </reporter-output>
        </test-method> <!-- test_edit_user_password -->
        <test-method status="PASS" signature="test_edit_user_password(java.lang.String, java.lang.String)[pri:12, instance:wangxinping.testcase.UserInfoTest@591f989e]" name="test_edit_user_password" duration-ms="10811" started-at="2020-05-06T11:33:07Z" description="修改密码" data-provider="password" finished-at="2020-05-06T11:33:18Z">
          <params>
            <param index="0">
              <value>
                <![CDATA[abfgshdbv]]>
              </value>
            </param>
            <param index="1">
              <value>
                <![CDATA[修改失败]]>
              </value>
            </param>
          </params>
          <reporter-output>
          </reporter-output>
        </test-method> <!-- test_edit_user_password -->
        <test-method status="PASS" signature="test_edit_user_password(java.lang.String, java.lang.String)[pri:12, instance:wangxinping.testcase.UserInfoTest@591f989e]" name="test_edit_user_password" duration-ms="12346" started-at="2020-05-06T11:33:18Z" description="修改密码" data-provider="password" finished-at="2020-05-06T11:33:30Z">
          <params>
            <param index="0">
              <value>
                <![CDATA[fnsd124]]>
              </value>
            </param>
            <param index="1">
              <value>
                <![CDATA[修改失败]]>
              </value>
            </param>
          </params>
          <reporter-output>
          </reporter-output>
        </test-method> <!-- test_edit_user_password -->
        <test-method status="PASS" signature="test_edit_user_password(java.lang.String, java.lang.String)[pri:12, instance:wangxinping.testcase.UserInfoTest@591f989e]" name="test_edit_user_password" duration-ms="11412" started-at="2020-05-06T11:33:30Z" description="修改密码" data-provider="password" finished-at="2020-05-06T11:33:41Z">
          <params>
            <param index="0">
              <value>
                <![CDATA[sfdsb#$&]]>
              </value>
            </param>
            <param index="1">
              <value>
                <![CDATA[修改失败]]>
              </value>
            </param>
          </params>
          <reporter-output>
          </reporter-output>
        </test-method> <!-- test_edit_user_password -->
        <test-method status="PASS" signature="test_edit_user_password(java.lang.String, java.lang.String)[pri:12, instance:wangxinping.testcase.UserInfoTest@591f989e]" name="test_edit_user_password" duration-ms="10236" started-at="2020-05-06T11:33:41Z" description="修改密码" data-provider="password" finished-at="2020-05-06T11:33:52Z">
          <params>
            <param index="0">
              <value>
                <![CDATA[aasadafsdugfviuoiturgjihssfdd]]>
              </value>
            </param>
            <param index="1">
              <value>
                <![CDATA[修改失败]]>
              </value>
            </param>
          </params>
          <reporter-output>
          </reporter-output>
        </test-method> <!-- test_edit_user_password -->
        <test-method status="PASS" signature="test_click_back()[pri:14, instance:wangxinping.testcase.UserInfoTest@591f989e]" name="test_click_back" duration-ms="6295" started-at="2020-05-06T11:33:52Z" finished-at="2020-05-06T11:33:58Z">
          <reporter-output>
          </reporter-output>
        </test-method> <!-- test_click_back -->
        <test-method status="PASS" signature="test_edit_user_info(java.lang.String, java.lang.String)[pri:16, instance:wangxinping.testcase.UserInfoTest@591f989e]" name="test_edit_user_info" duration-ms="8102" started-at="2020-05-06T11:33:58Z" description="修改绑定手机号码" data-provider="phone" finished-at="2020-05-06T11:34:06Z">
          <params>
            <param index="0">
              <value>
                <![CDATA[10321145687]]>
              </value>
            </param>
            <param index="1">
              <value>
                <![CDATA[修改失败]]>
              </value>
            </param>
          </params>
          <reporter-output>
          </reporter-output>
        </test-method> <!-- test_edit_user_info -->
        <test-method status="PASS" signature="test_edit_user_info(java.lang.String, java.lang.String)[pri:16, instance:wangxinping.testcase.UserInfoTest@591f989e]" name="test_edit_user_info" duration-ms="7950" started-at="2020-05-06T11:34:06Z" description="修改绑定手机号码" data-provider="phone" finished-at="2020-05-06T11:34:14Z">
          <params>
            <param index="0">
              <value>
                <![CDATA[1736302764]]>
              </value>
            </param>
            <param index="1">
              <value>
                <![CDATA[修改失败]]>
              </value>
            </param>
          </params>
          <reporter-output>
          </reporter-output>
        </test-method> <!-- test_edit_user_info -->
        <test-method status="PASS" signature="test_edit_user_info(java.lang.String, java.lang.String)[pri:16, instance:wangxinping.testcase.UserInfoTest@591f989e]" name="test_edit_user_info" duration-ms="7905" started-at="2020-05-06T11:34:14Z" description="修改绑定手机号码" data-provider="phone" finished-at="2020-05-06T11:34:22Z">
          <params>
            <param index="0">
              <value>
                <![CDATA[173630276467]]>
              </value>
            </param>
            <param index="1">
              <value>
                <![CDATA[修改失败]]>
              </value>
            </param>
          </params>
          <reporter-output>
          </reporter-output>
        </test-method> <!-- test_edit_user_info -->
        <test-method status="PASS" signature="test_edit_user_info(java.lang.String, java.lang.String)[pri:16, instance:wangxinping.testcase.UserInfoTest@591f989e]" name="test_edit_user_info" duration-ms="8017" started-at="2020-05-06T11:34:22Z" description="修改绑定手机号码" data-provider="phone" finished-at="2020-05-06T11:34:30Z">
          <params>
            <param index="0">
              <value>
                <![CDATA[1736302764a]]>
              </value>
            </param>
            <param index="1">
              <value>
                <![CDATA[修改失败]]>
              </value>
            </param>
          </params>
          <reporter-output>
          </reporter-output>
        </test-method> <!-- test_edit_user_info -->
      </class> <!-- wangxinping.testcase.UserInfoTest -->
    </test> <!-- Default test -->
  </suite> <!-- Default suite -->
</testng-results>
