<?xml version="1.0" encoding="UTF-8"?>
<!-- Generated by org.testng.reporters.JUnitXMLReporter -->
<testsuite hostname="LAPTOP-KG4V20B1" name="Default test" tests="4" failures="0" timestamp="11 May 2020 13:55:59 GMT" time="14.86" errors="0">
  <testcase name="Wallet" time="2.146" classname="jinmingming.testcase.WalletTest"/>
  <testcase name="MoneyOut" time="2.619" classname="jinmingming.testcase.WalletTest"/>
  <testcase name="MoneyIn" time="0.631" classname="jinmingming.testcase.WalletTest"/>
  <testcase name="back" time="0.123" classname="jinmingming.testcase.WalletTest"/>
</testsuite> <!-- Default test -->
